<?xml version="1.0" encoding="UTF-8"?>
<!-- Generated by org.testng.reporters.JUnitReportReporter -->
<testsuite hostname="DESKTOP-R442FEE" failures="0" tests="1" name="com.inet_Banking.Utilities.ReadXL" time="1.303" errors="0" timestamp="2020-04-28T02:00:10 IST" skipped="0">
  <testcase classname="com.inet_Banking.Utilities.ReadXL" name="ReadDataXL" time="1.303"/>
  <system-out/>
</testsuite> <!-- com.inet_Banking.Utilities.ReadXL -->
