<?xml version="1.0" encoding="UTF-8"?>
<!-- Generated by org.testng.reporters.JUnitReportReporter -->
<testsuite hostname="DESKTOP-R442FEE" failures="0" tests="1" name="framework.CommonMethods" time="0.061" errors="0" timestamp="2020-04-28T17:22:40 IST" skipped="0">
  <testcase classname="framework.CommonMethods" name="getTimeStamp" time="0.061"/>
  <system-out/>
</testsuite> <!-- framework.CommonMethods -->
