<?xml version="1.0" encoding="UTF-8"?>
<!-- Generated by org.testng.reporters.JUnitReportReporter -->
<testsuite hostname="DESKTOP-R442FEE" failures="0" tests="1" name="com.inet_Banking.pageObject.testtt" time="31.963" errors="0" timestamp="2020-05-04T23:09:27 IST" skipped="0">
  <testcase classname="com.inet_Banking.pageObject.testtt" name="testingJS" time="31.963"/>
</testsuite> <!-- com.inet_Banking.pageObject.testtt -->
