<?xml version="1.0" encoding="UTF-8"?>
<!-- Generated by org.testng.reporters.JUnitReportReporter -->
<testsuite hostname="DESKTOP-R442FEE" failures="0" tests="1" name="com.inet_Banking.Utilities.WriteXL" time="1.521" errors="0" timestamp="2020-04-27T12:03:25 IST" skipped="0">
  <testcase classname="com.inet_Banking.Utilities.WriteXL" name="WriteDataInXL" time="1.521"/>
  <system-out/>
</testsuite> <!-- com.inet_Banking.Utilities.WriteXL -->
